<?xml version="1.0" encoding="UTF-8"?>
<!-- Generated by org.testng.reporters.JUnitXMLReporter -->
<testsuite hostname="DESKTOP-H52ER5F" ignored="0" name="Default test" tests="5" failures="0" timestamp="2022-01-12T22:15:55 IST" time="24.561" errors="0">
  <testcase name="login" time="11.256" classname="restassuredproject.demo"/>
  <testcase name="get" time="7.27" classname="restassuredproject.demo"/>
  <testcase name="create" time="1.99" classname="restassuredproject.demo"/>
  <testcase name="productid" time="1.933" classname="restassuredproject.demo"/>
  <testcase name="updateid" time="1.978" classname="restassuredproject.demo"/>
</testsuite> <!-- Default test -->
